# Logfile created on Mon Aug 26 21:41:31 -0400 2013

Processing DeliveriesController#index (for 127.0.0.1 at 2013-09-04 00:12:00) [GET]
Rendering template within layouts/application
Rendering deliveries/index
Completed in 35ms (View: 23, DB: 6) | 200 OK [http://localhost/deliveries]


Processing DeliveriesController#index (for 127.0.0.1 at 2013-09-04 00:12:00) [GET]
  Parameters: {"q"=>"1", "_search"=>"false", "sidx"=>"delivery_date", "rows"=>"100", "sord"=>"desc", "page"=>"1", "nd"=>"1378267920916"}
Completed in 101ms (View: 0, DB: 34) | 200 OK [http://localhost/deliveries?q=1&_search=false&nd=1378267920916&rows=100&page=1&sidx=delivery_date&sord=desc]


Processing DashboardController#index (for 127.0.0.1 at 2013-09-04 00:12:04) [GET]
Rendering template within layouts/application
Rendering dashboard/index
Completed in 12ms (View: 8, DB: 0) | 200 OK [http://localhost/dashboard]


Processing DashboardController#index (for 127.0.0.1 at 2013-09-04 00:12:05) [GET]
Rendering template within layouts/application
Rendering dashboard/index
Completed in 5ms (View: 5, DB: 0) | 200 OK [http://localhost/dashboard]


Processing RecipientsController#index (for 127.0.0.1 at 2013-09-04 00:12:12) [GET]
Rendering template within layouts/application
Rendering recipients/index
Completed in 14ms (View: 8, DB: 2) | 200 OK [http://localhost/recipients]


Processing RecipientsController#index (for 127.0.0.1 at 2013-09-04 00:12:12) [GET]
  Parameters: {"q"=>"1", "_search"=>"false", "sidx"=>"last_name", "rows"=>"100", "sord"=>"asc", "page"=>"1", "nd"=>"1378267932097"}
Completed in 32ms (View: 0, DB: 4) | 200 OK [http://localhost/recipients?q=1&_search=false&nd=1378267932097&rows=100&page=1&sidx=last_name&sord=asc]


Processing RecipientsController#deliveries (for 127.0.0.1 at 2013-09-04 00:12:12) [GET]
  Parameters: {"q"=>"1", "_search"=>"false", "sidx"=>"delivery_date", "rows"=>"10", "sord"=>"desc", "page"=>"1", "nd"=>"1378267932142"}
Completed in 1ms (View: 0, DB: 0) | 200 OK [http://localhost/recipients/deliveries?q=1&_search=false&nd=1378267932142&rows=10&page=1&sidx=delivery_date&sord=desc]


Processing VincentiansController#index (for 127.0.0.1 at 2013-09-04 00:12:15) [GET]
Rendering template within layouts/application
Rendering vincentians/index
Completed in 12ms (View: 5, DB: 1) | 200 OK [http://localhost/vincentians]


Processing VincentiansController#index (for 127.0.0.1 at 2013-09-04 00:12:15) [GET]
  Parameters: {"q"=>"1", "_search"=>"false", "sidx"=>"last_name", "rows"=>"100", "sord"=>"asc", "page"=>"1", "nd"=>"1378267935154"}
Completed in 10ms (View: 0, DB: 1) | 200 OK [http://localhost/vincentians?q=1&_search=false&nd=1378267935154&rows=100&page=1&sidx=last_name&sord=asc]


Processing DeliveriesController#index (for 127.0.0.1 at 2013-09-04 00:12:16) [GET]
Rendering template within layouts/application
Rendering deliveries/index
Completed in 24ms (View: 13, DB: 7) | 200 OK [http://localhost/deliveries]


Processing DeliveriesController#index (for 127.0.0.1 at 2013-09-04 00:12:16) [GET]
  Parameters: {"q"=>"1", "_search"=>"false", "sidx"=>"delivery_date", "rows"=>"100", "sord"=>"desc", "page"=>"1", "nd"=>"1378267936852"}
Completed in 102ms (View: 0, DB: 30) | 200 OK [http://localhost/deliveries?q=1&_search=false&nd=1378267936852&rows=100&page=1&sidx=delivery_date&sord=desc]


Processing TeamsController#new (for 127.0.0.1 at 2013-09-04 00:12:18) [GET]
Rendering template within layouts/application
Rendering teams/new
Completed in 64ms (View: 7, DB: 13) | 200 OK [http://localhost/teams/new]


Processing TeamsController#vincentians_select (for 127.0.0.1 at 2013-09-04 00:12:18) [GET]
  Parameters: {"q"=>"1", "_search"=>"false", "sidx"=>"first_name", "rows"=>"100", "sord"=>"asc", "page"=>"1", "nd"=>"1378267938559"}
Completed in 12ms (View: 0, DB: 1) | 200 OK [http://localhost/teams/vincentians_select?q=1&_search=false&nd=1378267938559&rows=100&page=1&sidx=first_name&sord=asc]


Processing TeamsController#new (for 127.0.0.1 at 2013-09-04 00:12:18) [GET]
  Parameters: {"q"=>"1", "_search"=>"false", "sidx"=>"delivery_date", "rows"=>"100", "sord"=>"desc", "page"=>"1", "nd"=>"1378267938600"}
Completed in 61ms (View: 0, DB: 20) | 200 OK [http://localhost/teams/new?q=1&_search=false&nd=1378267938600&rows=100&page=1&sidx=delivery_date&sord=desc]


Processing TeamsController#vincentians (for 127.0.0.1 at 2013-09-04 00:12:18) [GET]
  Parameters: {"q"=>"1", "_search"=>"false", "sidx"=>"first_name", "rows"=>"10", "sord"=>"asc", "page"=>"1", "nd"=>"1378267938638"}
Completed in 1ms (View: 1, DB: 0) | 200 OK [http://localhost/teams/vincentians?q=1&_search=false&nd=1378267938638&rows=10&page=1&sidx=first_name&sord=asc]


Processing TeamsController#index (for 127.0.0.1 at 2013-09-04 00:12:32) [GET]
Rendering template within layouts/application
Rendering teams/index
Completed in 51ms (View: 4, DB: 41) | 200 OK [http://localhost/teams]


Processing TeamsController#index (for 127.0.0.1 at 2013-09-04 00:12:32) [GET]
  Parameters: {"q"=>"1", "_search"=>"false", "sidx"=>"", "rows"=>"100", "sord"=>"", "page"=>"1", "nd"=>"1378267952485"}
Completed in 110ms (View: 0, DB: 59) | 200 OK [http://localhost/teams?q=1&_search=false&nd=1378267952485&rows=100&page=1&sidx=&sord=]


Processing TeamsController#vincentians_select (for 127.0.0.1 at 2013-09-04 00:12:58) [GET]
  Parameters: {"q"=>"1", "_search"=>"false", "sidx"=>"first_name", "rows"=>"100", "sord"=>"asc", "page"=>"1", "nd"=>"1378267978025"}
Completed in 61ms (View: 0, DB: 1) | 200 OK [http://localhost/teams/vincentians_select?q=1&_search=false&nd=1378267978025&rows=100&page=1&sidx=first_name&sord=asc]


Processing TeamsController#new (for 127.0.0.1 at 2013-09-04 00:12:58) [GET]
  Parameters: {"q"=>"1", "_search"=>"false", "sidx"=>"delivery_date", "rows"=>"100", "sord"=>"desc", "page"=>"1", "nd"=>"1378267978082"}
Completed in 58ms (View: 0, DB: 18) | 200 OK [http://localhost/teams/new?q=1&_search=false&nd=1378267978082&rows=100&page=1&sidx=delivery_date&sord=desc]


Processing TeamsController#vincentians (for 127.0.0.1 at 2013-09-04 00:12:58) [GET]
  Parameters: {"q"=>"1", "_search"=>"false", "sidx"=>"first_name", "rows"=>"10", "sord"=>"asc", "page"=>"1", "nd"=>"1378267978117"}
Completed in 1ms (View: 0, DB: 0) | 200 OK [http://localhost/teams/vincentians?q=1&_search=false&nd=1378267978117&rows=10&page=1&sidx=first_name&sord=asc]


Processing DeliveriesController#index (for 127.0.0.1 at 2013-09-04 00:13:13) [GET]
Rendering template within layouts/application
Rendering deliveries/index
Completed in 22ms (View: 12, DB: 6) | 200 OK [http://localhost/deliveries]


Processing DeliveriesController#index (for 127.0.0.1 at 2013-09-04 00:13:13) [GET]
  Parameters: {"q"=>"1", "_search"=>"false", "sidx"=>"delivery_date", "rows"=>"100", "sord"=>"desc", "page"=>"1", "nd"=>"1378267993796"}
Completed in 106ms (View: 0, DB: 30) | 200 OK [http://localhost/deliveries?q=1&_search=false&nd=1378267993796&rows=100&page=1&sidx=delivery_date&sord=desc]


Processing VincentiansController#index (for 127.0.0.1 at 2013-09-04 00:13:15) [GET]
Rendering template within layouts/application
Rendering vincentians/index
Completed in 8ms (View: 5, DB: 1) | 200 OK [http://localhost/vincentians]


Processing VincentiansController#index (for 127.0.0.1 at 2013-09-04 00:13:15) [GET]
  Parameters: {"q"=>"1", "_search"=>"false", "sidx"=>"last_name", "rows"=>"100", "sord"=>"asc", "page"=>"1", "nd"=>"1378267995644"}
Completed in 10ms (View: 0, DB: 1) | 200 OK [http://localhost/vincentians?q=1&_search=false&nd=1378267995644&rows=100&page=1&sidx=last_name&sord=asc]


Processing DeliveriesController#index (for 127.0.0.1 at 2013-09-04 00:13:17) [GET]
Rendering template within layouts/application
Rendering deliveries/index
Completed in 21ms (View: 13, DB: 6) | 200 OK [http://localhost/deliveries]


Processing DeliveriesController#index (for 127.0.0.1 at 2013-09-04 00:13:17) [GET]
  Parameters: {"q"=>"1", "_search"=>"false", "sidx"=>"delivery_date", "rows"=>"100", "sord"=>"desc", "page"=>"1", "nd"=>"1378267997672"}
Completed in 107ms (View: 0, DB: 34) | 200 OK [http://localhost/deliveries?q=1&_search=false&nd=1378267997672&rows=100&page=1&sidx=delivery_date&sord=desc]


Processing DeliveriesController#index (for 127.0.0.1 at 2013-09-04 00:13:34) [GET]
  Parameters: {"q"=>"1", "_search"=>"false", "sidx"=>"delivery_date", "rows"=>"100", "sord"=>"desc", "page"=>"17", "nd"=>"1378268014870"}
Completed in 91ms (View: 0, DB: 16) | 200 OK [http://localhost/deliveries?q=1&_search=false&nd=1378268014870&rows=100&page=17&sidx=delivery_date&sord=desc]


Processing DeliveriesController#index (for 127.0.0.1 at 2013-09-04 00:13:39) [GET]
  Parameters: {"q"=>"1", "_search"=>"false", "sidx"=>"delivery_date", "rows"=>"100", "sord"=>"asc", "page"=>"1", "nd"=>"1378268019818"}
Completed in 71ms (View: 0, DB: 15) | 200 OK [http://localhost/deliveries?q=1&_search=false&nd=1378268019818&rows=100&page=1&sidx=delivery_date&sord=asc]


Processing DeliveriesController#index (for 127.0.0.1 at 2013-09-04 00:13:43) [GET]
  Parameters: {"q"=>"1", "_search"=>"false", "sidx"=>"delivery_date", "rows"=>"100", "sord"=>"desc", "page"=>"1", "nd"=>"1378268023653"}
Completed in 121ms (View: 0, DB: 56) | 200 OK [http://localhost/deliveries?q=1&_search=false&nd=1378268023653&rows=100&page=1&sidx=delivery_date&sord=desc]


Processing DeliveriesController#central_report to pdf (for 127.0.0.1 at 2013-09-04 00:13:59) [GET]
  Parameters: {"target"=>"blank"}
Rendering deliveries/central_report
Completed in 6152ms (View: 5567, DB: 297) | 200 OK [http://localhost/deliveries/central_report.pdf?target=blank]


Processing DeliveriesController#index (for 127.0.0.1 at 2013-09-04 00:14:18) [GET]
  Parameters: {"q"=>"1", "_search"=>"false", "sidx"=>"delivery_date", "rows"=>"100", "sord"=>"desc", "page"=>"1", "nd"=>"1378268058251"}
Completed in 110ms (View: 0, DB: 32) | 200 OK [http://localhost/deliveries?q=1&_search=false&nd=1378268058251&rows=100&page=1&sidx=delivery_date&sord=desc]


Processing DeliveriesController#delivery_report to pdf (for 127.0.0.1 at 2013-09-04 00:14:21) [GET]
  Parameters: {"target"=>"blank"}
Redirected to http://localhost:3000/deliveries
Completed in 5ms (DB: 3) | 302 Found [http://localhost/deliveries/delivery_report.pdf?target=blank]


Processing DeliveriesController#index (for 127.0.0.1 at 2013-09-04 00:14:21) [GET]
Rendering template within layouts/application
Rendering deliveries/index
Completed in 25ms (View: 15, DB: 7) | 200 OK [http://localhost/deliveries]


Processing DeliveriesController#index (for 127.0.0.1 at 2013-09-04 00:14:23) [GET]
  Parameters: {"q"=>"1", "_search"=>"false", "sidx"=>"delivery_date", "rows"=>"100", "sord"=>"desc", "page"=>"1", "nd"=>"1378268063822"}
Completed in 96ms (View: 0, DB: 27) | 200 OK [http://localhost/deliveries?q=1&_search=false&nd=1378268063822&rows=100&page=1&sidx=delivery_date&sord=desc]


Processing DeliveriesController#central_report to pdf (for 127.0.0.1 at 2013-09-04 00:14:25) [GET]
  Parameters: {"target"=>"blank"}
Rendering deliveries/central_report
Completed in 5922ms (View: 5294, DB: 267) | 200 OK [http://localhost/deliveries/central_report.pdf?target=blank]


Processing DeliveriesController#index (for 127.0.0.1 at 2013-09-04 00:14:42) [GET]
  Parameters: {"q"=>"1", "_search"=>"false", "sidx"=>"delivery_date", "rows"=>"100", "sord"=>"desc", "page"=>"1", "nd"=>"1378268082004"}
Completed in 104ms (View: 0, DB: 32) | 200 OK [http://localhost/deliveries?q=1&_search=false&nd=1378268082004&rows=100&page=1&sidx=delivery_date&sord=desc]


Processing DeliveriesController#central_report to pdf (for 127.0.0.1 at 2013-09-04 00:14:55) [GET]
  Parameters: {"target"=>"blank"}
Rendering deliveries/central_report
Completed in 5922ms (View: 5328, DB: 254) | 200 OK [http://localhost/deliveries/central_report.pdf?target=blank]


Processing DeliveriesController#index (for 127.0.0.1 at 2013-09-04 00:15:11) [GET]
  Parameters: {"q"=>"1", "_search"=>"false", "sidx"=>"delivery_date", "rows"=>"100", "sord"=>"desc", "page"=>"1", "nd"=>"1378268111848"}
Completed in 100ms (View: 0, DB: 29) | 200 OK [http://localhost/deliveries?q=1&_search=false&nd=1378268111848&rows=100&page=1&sidx=delivery_date&sord=desc]
